 
*** VICE Version 3.3 ***
 
Welcome to xvic, the free portable VIC20 Emulator.
 
Current VICE team members:
Marco van den Heuvel, Fabrizio Gennari, Groepaz, Olaf Seibert, Marcus Sutton, 
Kajtar Zsolt, AreaScout, Bas Wassink, Michael C. Martin.
 
This is free software with ABSOLUTELY NO WARRANTY.
See the "About VICE" command for more info.
 
Loading system file `/snap/vice-jz/current/lib64/vice/VIC20/kernal'.
Loading system file `/snap/vice-jz/current/lib64/vice/VIC20/basic'.
Loading system file `/snap/vice-jz/current/lib64/vice/VIC20/chargen'.
VIC20 kernal patched to 901486-07.
Loading system file `/snap/vice-jz/current/lib64/vice/PRINTER/mps803'.
Palette: Loading palette `/snap/vice-jz/current/lib64/vice/PRINTER/mps803.vpl'.
Loading system file `/snap/vice-jz/current/lib64/vice/PRINTER/nl10-cbm'.
Palette: Loading palette `/snap/vice-jz/current/lib64/vice/PRINTER/nl10.vpl'.
NL10: Printer driver initialized.
Palette: Loading palette `/snap/vice-jz/current/lib64/vice/PRINTER/1520.vpl'.
Loading system file `/snap/vice-jz/current/lib64/vice/DRIVES/dos1540'.
Loading system file `/snap/vice-jz/current/lib64/vice/DRIVES/dos1541'.
Loading system file `/snap/vice-jz/current/lib64/vice/DRIVES/d1541II'.
Loading system file `/snap/vice-jz/current/lib64/vice/DRIVES/dos1570'.
Loading system file `/snap/vice-jz/current/lib64/vice/DRIVES/dos1571'.
Loading system file `/snap/vice-jz/current/lib64/vice/DRIVES/dos1581'.
DriveROM: Error - 2000 ROM image not found. Hardware-level 2000 emulation is not available.
DriveROM: Error - 4000 ROM image not found. Hardware-level 4000 emulation is not available.
Loading system file `/snap/vice-jz/current/lib64/vice/DRIVES/dos2031'.
Loading system file `/snap/vice-jz/current/lib64/vice/DRIVES/dos2040'.
Loading system file `/snap/vice-jz/current/lib64/vice/DRIVES/dos3040'.
Loading system file `/snap/vice-jz/current/lib64/vice/DRIVES/dos4040'.
Loading system file `/snap/vice-jz/current/lib64/vice/DRIVES/dos1001'.
Drive: Finished loading ROM images.
opening dynamic library libmp3lame.so failed!
ERROR setting up dynamic lame lib!
Sound: Available sound devices: pulse alsa uss dummy fs dump wav voc iff aiff mp3 soundmovie
Joystick: Linux joystick interface initialization...
Joystick: Warning - Cannot open joystick device `/dev/input/js0'.
Joystick: Warning - Cannot open joystick device `/dev/input/js1'.
Joystick: Warning - Cannot open joystick device `/dev/input/js2'.
Joystick: Warning - Cannot open joystick device `/dev/input/js3'.
Joystick: Warning - Cannot open joystick device `/dev/input/js4'.
Joystick: Warning - Cannot open joystick device `/dev/input/js5'.
Keyboard: Loading keymap `/snap/vice-jz/current/lib64/vice/VIC20/gtk3_sym.vkm'.
AUTOSTART: Autodetecting image type of `userport2.prg'.
Filesystem Image Probe: Error - Import GCR: Unknown GCR image version 51.
Filesystem Image: Unknown disk image `userport2.prg'.
Tape: Error - Cannot open file `userport2.prg'
AUTOSTART: Loading PRG file `userport2.prg' with autostart disk image.
AUTOSTART: Turning true drive emulation off.
AUTOSTART: Turning true drive emulation on.
AUTOSTART: Resetting the machine to autostart '*'
AUTOSTART: Turning Warp mode on
AUTOSTART: `userport2.prg' recognized as program/p00 file.
Main CPU: starting at ($FFFC).
Main CPU: RESET.
Drive 8: RESET.
Drive 8: RESET.
Sound: Opened device `pulse', speed 44100Hz, fragment size 2,9ms, buffer size 101ms
reSID: MOS6581, filter on, sampling rate 44100Hz - resampling, pass to 19845Hz
AUTOSTART: Loading program '*'
AUTOSTART: Entered ROM at $e5ec
AUTOSTART: Left ROM for $0079
AUTOSTART: Turning Warp mode off
AUTOSTART: Done.
